<?xml version="1.0" encoding="UTF-8"?>
<!-- Generated by org.testng.reporters.JUnitReportReporter -->
<testsuite hostname="LAPTOP-QP0F062S" failures="0" tests="1" name="Test.LoginTest" time="11.375" errors="0" timestamp="2023-02-10T15:52:50 IST" skipped="0">
  <testcase classname="Test.LoginTest" name="test" time="11.375"/>
  <system-out/>
</testsuite> <!-- Test.LoginTest -->
